<?xml version="1.0" encoding="UTF-8"?>
<!-- Generated by org.testng.reporters.JUnitXMLReporter -->
<testsuite ignored="0" hostname="Trinhs-MacBook-Pro.local" failures="1" tests="1" name="Gradle test" time="19.465" errors="0" timestamp="2026-08-27T06:00:56 ICT">
  <testcase classname="testcase.TC01_Login" name="verify_login_successful" time="19.439">
    <failure type="org.openqa.selenium.TimeoutException" message="Expected condition failed: waiting for element to be clickable: Located by By.chained({By.xpath: //XCUIElementTypeButton[@name=&amp;quot;Login&amp;quot;]}) (tried for 10 second(s) with 500 milliseconds interval)
Build info: version: &amp;apos;4.33.0&amp;apos;, revision: &amp;apos;2c6aaad03a&amp;apos;
System info: os.name: &amp;apos;Mac OS X&amp;apos;, os.arch: &amp;apos;aarch64&amp;apos;, os.version: &amp;apos;15.6.1&amp;apos;, java.version: &amp;apos;21.0.8&amp;apos;
Driver info: io.appium.java_client.ios.IOSDriver
Capabilities {appium:automationName: XCUITest, appium:bundleId: com.saucelabs.mydemo.app.ios, appium:databaseEnabled: false, appium:deviceName: iPhone 17 Pro Max, appium:javascriptEnabled: true, appium:locationContextEnabled: false, appium:networkConnectionEnabled: false, appium:platformVersion: 26.0, appium:takesScreenshot: true, appium:udid: 07C579B9-11C0-47C9-85CE-D8E..., appium:webStorageEnabled: false, platformName: IOS}
Session ID: e7d327b5-5715-4227-9fff-e889921e595a">
      <![CDATA[org.openqa.selenium.TimeoutException: Expected condition failed: waiting for element to be clickable: Located by By.chained({By.xpath: //XCUIElementTypeButton[@name="Login"]}) (tried for 10 second(s) with 500 milliseconds interval)
Build info: version: '4.33.0', revision: '2c6aaad03a'
System info: os.name: 'Mac OS X', os.arch: 'aarch64', os.version: '15.6.1', java.version: '21.0.8'
Driver info: io.appium.java_client.ios.IOSDriver
Capabilities {appium:automationName: XCUITest, appium:bundleId: com.saucelabs.mydemo.app.ios, appium:databaseEnabled: false, appium:deviceName: iPhone 17 Pro Max, appium:javascriptEnabled: true, appium:locationContextEnabled: false, appium:networkConnectionEnabled: false, appium:platformVersion: 26.0, appium:takesScreenshot: true, appium:udid: 07C579B9-11C0-47C9-85CE-D8E..., appium:webStorageEnabled: false, platformName: IOS}
Session ID: e7d327b5-5715-4227-9fff-e889921e595a
at org.openqa.selenium.support.ui.WebDriverWait.timeoutException(WebDriverWait.java:84)
at org.openqa.selenium.support.ui.FluentWait.until(FluentWait.java:228)
at base.BasePage.waitForElementClickable(BasePage.java:28)
at base.BasePage.clickElement(BasePage.java:42)
at base.BasePage.clickElement(BasePage.java:46)
at pages.ios.IOSLoginPage.clickLoginButton(IOSLoginPage.java:56)
at testcase.TC01_Login.verify_login_successful(TC01_Login.java:32)
at java.base/java.util.ArrayList.forEach(ArrayList.java:1596)
at jdk.proxy1/jdk.proxy1.$Proxy4.stop(Unknown Source)
... Removed 40 stack frames]]>
    </failure>
  </testcase> <!-- verify_login_successful -->
</testsuite> <!-- Gradle test -->
